<?xml version="1.0" encoding="UTF-8"?>
<!-- Generated by org.testng.reporters.JUnitReportReporter -->
<testsuite hostname="VIRUS" failures="0" tests="4" name="MyPackage.MyTestCases" time="7.448" errors="0" timestamp="2025-01-19T02:27:34 EET" skipped="0">
  <testcase classname="MyPackage.MyTestCases" name="AddNewCustomer" time="0.015"/>
  <system-out/>
  <testcase classname="MyPackage.MyTestCases" name="UpdateCustomerInfo" time="0.004"/>
  <system-out/>
  <testcase classname="MyPackage.MyTestCases" name="ReadTheUpdatedData" time="7.423"/>
  <system-out/>
  <testcase classname="MyPackage.MyTestCases" name="DeleteCustomer" time="0.006"/>
  <system-out/>
</testsuite> <!-- MyPackage.MyTestCases -->
